<?xml version="1.0" encoding="utf-8"?><testsuites><testsuite errors="0" failures="0" hostname="crud-app-p1" name="pytest" skipped="0" tests="0" time="0.110" timestamp="2022-04-15T14:57:40.797421" /></testsuites>